<?xml version="1.0" encoding="UTF-8"?>
<testng-results ignored="0" total="5" passed="4" failed="1" skipped="0">
  <reporter-output>
  </reporter-output>
  <suite started-at="2026-04-01T17:11:51 IST" name="UI Automation Suite" finished-at="2026-04-01T17:11:56 IST" duration-ms="5008">
    <groups>
    </groups>
    <test started-at="2026-04-01T17:11:51 IST" name="AllTests" finished-at="2026-04-01T17:11:56 IST" duration-ms="5008">
      <class name="com.atms.tests.SauceDemoTest">
        <test-method is-config="true" signature="beforeClass()[pri:0, instance:com.atms.tests.SauceDemoTest@776aec5c]" started-at="2026-04-01T17:11:51 IST" name="beforeClass" finished-at="2026-04-01T17:11:52 IST" duration-ms="1343" status="PASS">
          <reporter-output>
          </reporter-output>
        </test-method> <!-- beforeClass -->
        <test-method is-config="true" signature="beforeMethod()[pri:0, instance:com.atms.tests.SauceDemoTest@776aec5c]" started-at="2026-04-01T17:11:52 IST" name="beforeMethod" finished-at="2026-04-01T17:11:52 IST" duration-ms="9" status="PASS">
          <reporter-output>
          </reporter-output>
        </test-method> <!-- beforeMethod -->
        <test-method signature="Cartflow()[pri:0, instance:com.atms.tests.SauceDemoTest@776aec5c]" started-at="2026-04-01T17:11:52 IST" name="Cartflow" finished-at="2026-04-01T17:11:54 IST" duration-ms="1320" status="PASS">
          <reporter-output>
          </reporter-output>
        </test-method> <!-- Cartflow -->
        <test-method is-config="true" signature="afterMethod()[pri:0, instance:com.atms.tests.SauceDemoTest@776aec5c]" started-at="2026-04-01T17:11:54 IST" name="afterMethod" finished-at="2026-04-01T17:11:54 IST" duration-ms="0" status="PASS">
          <reporter-output>
          </reporter-output>
        </test-method> <!-- afterMethod -->
        <test-method is-config="true" signature="beforeMethod()[pri:0, instance:com.atms.tests.SauceDemoTest@776aec5c]" started-at="2026-04-01T17:11:54 IST" name="beforeMethod" finished-at="2026-04-01T17:11:54 IST" duration-ms="8" status="PASS">
          <reporter-output>
          </reporter-output>
        </test-method> <!-- beforeMethod -->
        <test-method signature="Login()[pri:0, instance:com.atms.tests.SauceDemoTest@776aec5c]" started-at="2026-04-01T17:11:54 IST" name="Login" finished-at="2026-04-01T17:11:54 IST" duration-ms="301" status="PASS">
          <reporter-output>
          </reporter-output>
        </test-method> <!-- Login -->
        <test-method is-config="true" signature="afterMethod()[pri:0, instance:com.atms.tests.SauceDemoTest@776aec5c]" started-at="2026-04-01T17:11:54 IST" name="afterMethod" finished-at="2026-04-01T17:11:54 IST" duration-ms="0" status="PASS">
          <reporter-output>
          </reporter-output>
        </test-method> <!-- afterMethod -->
        <test-method is-config="true" signature="beforeMethod()[pri:0, instance:com.atms.tests.SauceDemoTest@776aec5c]" started-at="2026-04-01T17:11:54 IST" name="beforeMethod" finished-at="2026-04-01T17:11:54 IST" duration-ms="8" status="PASS">
          <reporter-output>
          </reporter-output>
        </test-method> <!-- beforeMethod -->
        <test-method signature="verifyCheckoutFlow()[pri:0, instance:com.atms.tests.SauceDemoTest@776aec5c]" started-at="2026-04-01T17:11:54 IST" name="verifyCheckoutFlow" finished-at="2026-04-01T17:11:55 IST" duration-ms="921" status="PASS">
          <reporter-output>
          </reporter-output>
        </test-method> <!-- verifyCheckoutFlow -->
        <test-method is-config="true" signature="afterMethod()[pri:0, instance:com.atms.tests.SauceDemoTest@776aec5c]" started-at="2026-04-01T17:11:55 IST" name="afterMethod" finished-at="2026-04-01T17:11:55 IST" duration-ms="0" status="PASS">
          <reporter-output>
          </reporter-output>
        </test-method> <!-- afterMethod -->
        <test-method is-config="true" signature="beforeMethod()[pri:0, instance:com.atms.tests.SauceDemoTest@776aec5c]" started-at="2026-04-01T17:11:55 IST" name="beforeMethod" finished-at="2026-04-01T17:11:55 IST" duration-ms="18" status="PASS">
          <reporter-output>
          </reporter-output>
        </test-method> <!-- beforeMethod -->
        <test-method signature="verifyCheckoutPriceAssert()[pri:0, instance:com.atms.tests.SauceDemoTest@776aec5c]" started-at="2026-04-01T17:11:55 IST" name="verifyCheckoutPriceAssert" finished-at="2026-04-01T17:11:56 IST" duration-ms="826" status="FAIL">
          <exception class="java.lang.AssertionError">
            <message>
              <![CDATA[Assertion Failed! Expected: 28.99 but found: 29.99]]>
            </message>
            <full-stacktrace>
              <![CDATA[java.lang.AssertionError: Assertion Failed! Expected: 28.99 but found: 29.99
at org.testng.Assert.fail(Assert.java:111)
at com.atms.utils.assertion.AssertEngine.assertDoubleEquals(AssertEngine.java:22)
at com.atms.tests.SauceDemoTest.verifyCheckoutPriceAssert(SauceDemoTest.java:79)
at java.base/jdk.internal.reflect.NativeMethodAccessorImpl.invoke0(Native Method)
at java.base/jdk.internal.reflect.NativeMethodAccessorImpl.invoke(NativeMethodAccessorImpl.java:77)
at java.base/jdk.internal.reflect.DelegatingMethodAccessorImpl.invoke(DelegatingMethodAccessorImpl.java:43)
at java.base/java.lang.reflect.Method.invoke(Method.java:568)
at org.testng.internal.invokers.MethodInvocationHelper.invokeMethod(MethodInvocationHelper.java:141)
at org.testng.internal.invokers.TestInvoker.invokeMethod(TestInvoker.java:686)
at org.testng.internal.invokers.TestInvoker.invokeTestMethod(TestInvoker.java:230)
at org.testng.internal.invokers.MethodRunner.runInSequence(MethodRunner.java:63)
at org.testng.internal.invokers.TestInvoker$MethodInvocationAgent.invoke(TestInvoker.java:992)
at org.testng.internal.invokers.TestInvoker.invokeTestMethods(TestInvoker.java:203)
at org.testng.internal.invokers.TestMethodWorker.invokeTestMethods(TestMethodWorker.java:154)
at org.testng.internal.invokers.TestMethodWorker.run(TestMethodWorker.java:134)
at java.base/java.util.concurrent.Executors$RunnableAdapter.call(Executors.java:539)
at java.base/java.util.concurrent.FutureTask.run(FutureTask.java:264)
at org.testng.internal.thread.graph.TestNGFutureTask.run(TestNGFutureTask.java:22)
at java.base/java.util.concurrent.ThreadPoolExecutor.runWorker(ThreadPoolExecutor.java:1136)
at java.base/java.util.concurrent.ThreadPoolExecutor$Worker.run(ThreadPoolExecutor.java:635)
at java.base/java.lang.Thread.run(Thread.java:842)
]]>
            </full-stacktrace>
          </exception> <!-- java.lang.AssertionError -->
          <reporter-output>
          </reporter-output>
        </test-method> <!-- verifyCheckoutPriceAssert -->
        <test-method is-config="true" signature="afterClass()[pri:0, instance:com.atms.tests.SauceDemoTest@776aec5c]" started-at="2026-04-01T17:11:56 IST" name="afterClass" finished-at="2026-04-01T17:11:56 IST" duration-ms="138" status="PASS">
          <reporter-output>
          </reporter-output>
        </test-method> <!-- afterClass -->
        <test-method is-config="true" signature="afterMethod()[pri:0, instance:com.atms.tests.SauceDemoTest@776aec5c]" started-at="2026-04-01T17:11:56 IST" name="afterMethod" finished-at="2026-04-01T17:11:56 IST" duration-ms="0" status="PASS">
          <reporter-output>
          </reporter-output>
        </test-method> <!-- afterMethod -->
      </class> <!-- com.atms.tests.SauceDemoTest -->
      <class name="com.atms.tests.SampleTest">
        <test-method is-config="true" signature="beforeClass()[pri:0, instance:com.atms.tests.SampleTest@6c6cb480]" started-at="2026-04-01T17:11:51 IST" name="beforeClass" finished-at="2026-04-01T17:11:52 IST" duration-ms="1343" status="PASS">
          <reporter-output>
          </reporter-output>
        </test-method> <!-- beforeClass -->
        <test-method is-config="true" signature="beforeMethod()[pri:0, instance:com.atms.tests.SampleTest@6c6cb480]" started-at="2026-04-01T17:11:52 IST" name="beforeMethod" finished-at="2026-04-01T17:11:52 IST" duration-ms="9" status="PASS">
          <reporter-output>
          </reporter-output>
        </test-method> <!-- beforeMethod -->
        <test-method signature="LaunchUrl()[pri:0, instance:com.atms.tests.SampleTest@6c6cb480]" started-at="2026-04-01T17:11:52 IST" name="LaunchUrl" finished-at="2026-04-01T17:11:53 IST" duration-ms="693" status="PASS">
          <reporter-output>
          </reporter-output>
        </test-method> <!-- LaunchUrl -->
        <test-method is-config="true" signature="afterMethod()[pri:0, instance:com.atms.tests.SampleTest@6c6cb480]" started-at="2026-04-01T17:11:53 IST" name="afterMethod" finished-at="2026-04-01T17:11:53 IST" duration-ms="1" status="PASS">
          <reporter-output>
          </reporter-output>
        </test-method> <!-- afterMethod -->
        <test-method is-config="true" signature="afterClass()[pri:0, instance:com.atms.tests.SampleTest@6c6cb480]" started-at="2026-04-01T17:11:53 IST" name="afterClass" finished-at="2026-04-01T17:11:53 IST" duration-ms="152" status="PASS">
          <reporter-output>
          </reporter-output>
        </test-method> <!-- afterClass -->
      </class> <!-- com.atms.tests.SampleTest -->
    </test> <!-- AllTests -->
  </suite> <!-- UI Automation Suite -->
</testng-results>
