<?xml version="1.0" encoding="UTF-8"?>
<!-- Generated by org.testng.reporters.JUnitReportReporter -->
<testsuite hostname="LAPTOP-GV9JO1GG" failures="1" tests="4" name="com.atms.tests.SauceDemoTest" time="3.411" errors="0" timestamp="2026-04-01T17:11:56 IST" skipped="0">
  <testcase classname="com.atms.tests.SauceDemoTest" name="Cartflow" time="1.338"/>
  <testcase classname="com.atms.tests.SauceDemoTest" name="verifyCheckoutPriceAssert" time="0.834">
    <failure message="Assertion Failed! Expected: 28.99 but found: 29.99" type="java.lang.AssertionError">
      <![CDATA[java.lang.AssertionError: Assertion Failed! Expected: 28.99 but found: 29.99
at org.testng.Assert.fail(Assert.java:111)
at com.atms.utils.assertion.AssertEngine.assertDoubleEquals(AssertEngine.java:22)
at com.atms.tests.SauceDemoTest.verifyCheckoutPriceAssert(SauceDemoTest.java:79)
at java.base/jdk.internal.reflect.NativeMethodAccessorImpl.invoke0(Native Method)
at java.base/jdk.internal.reflect.NativeMethodAccessorImpl.invoke(NativeMethodAccessorImpl.java:77)
at java.base/jdk.internal.reflect.DelegatingMethodAccessorImpl.invoke(DelegatingMethodAccessorImpl.java:43)
at java.base/java.lang.reflect.Method.invoke(Method.java:568)
at org.testng.internal.invokers.MethodInvocationHelper.invokeMethod(MethodInvocationHelper.java:141)
at org.testng.internal.invokers.TestInvoker.invokeMethod(TestInvoker.java:686)
at org.testng.internal.invokers.TestInvoker.invokeTestMethod(TestInvoker.java:230)
at org.testng.internal.invokers.MethodRunner.runInSequence(MethodRunner.java:63)
at org.testng.internal.invokers.TestInvoker$MethodInvocationAgent.invoke(TestInvoker.java:992)
at org.testng.internal.invokers.TestInvoker.invokeTestMethods(TestInvoker.java:203)
at org.testng.internal.invokers.TestMethodWorker.invokeTestMethods(TestMethodWorker.java:154)
at org.testng.internal.invokers.TestMethodWorker.run(TestMethodWorker.java:134)
at java.base/java.util.concurrent.Executors$RunnableAdapter.call(Executors.java:539)
at java.base/java.util.concurrent.FutureTask.run(FutureTask.java:264)
at org.testng.internal.thread.graph.TestNGFutureTask.run(TestNGFutureTask.java:22)
at java.base/java.util.concurrent.ThreadPoolExecutor.runWorker(ThreadPoolExecutor.java:1136)
at java.base/java.util.concurrent.ThreadPoolExecutor$Worker.run(ThreadPoolExecutor.java:635)
at java.base/java.lang.Thread.run(Thread.java:842)
]]>
    </failure>
  </testcase> <!-- verifyCheckoutPriceAssert -->
  <testcase classname="com.atms.tests.SauceDemoTest" name="Login" time="0.309"/>
  <testcase classname="com.atms.tests.SauceDemoTest" name="verifyCheckoutFlow" time="0.930"/>
</testsuite> <!-- com.atms.tests.SauceDemoTest -->
