<?xml version="1.0" encoding="UTF-8"?>
<!-- Generated by org.testng.reporters.JUnitXMLReporter -->
<testsuite ignored="0" hostname="LAPTOP-GV9JO1GG" failures="1" tests="5" name="AllTests" time="5.008" errors="0" timestamp="2026-04-01T17:11:56 IST">
  <testcase classname="com.atms.tests.SampleTest" name="LaunchUrl" time="0.693"/>
  <testcase classname="com.atms.tests.SauceDemoTest" name="Cartflow" time="1.32"/>
  <testcase classname="com.atms.tests.SauceDemoTest" name="Login" time="0.301"/>
  <testcase classname="com.atms.tests.SauceDemoTest" name="verifyCheckoutFlow" time="0.921"/>
  <testcase classname="com.atms.tests.SauceDemoTest" name="verifyCheckoutPriceAssert" time="0.826">
    <failure type="java.lang.AssertionError" message="Assertion Failed! Expected: 28.99 but found: 29.99">
      <![CDATA[java.lang.AssertionError: Assertion Failed! Expected: 28.99 but found: 29.99
at com.atms.utils.assertion.AssertEngine.assertDoubleEquals(AssertEngine.java:22)
at com.atms.tests.SauceDemoTest.verifyCheckoutPriceAssert(SauceDemoTest.java:79)
at java.base/java.util.concurrent.Executors$RunnableAdapter.call(Executors.java:539)
at java.base/java.util.concurrent.FutureTask.run(FutureTask.java:264)
at java.base/java.util.concurrent.ThreadPoolExecutor.runWorker(ThreadPoolExecutor.java:1136)
at java.base/java.util.concurrent.ThreadPoolExecutor$Worker.run(ThreadPoolExecutor.java:635)
at java.base/java.lang.Thread.run(Thread.java:842)
... Removed 14 stack frames]]>
    </failure>
  </testcase> <!-- verifyCheckoutPriceAssert -->
</testsuite> <!-- AllTests -->
