<?xml version="1.0" encoding="UTF-8"?>
<!-- Generated by org.testng.reporters.JUnitXMLReporter -->
<testsuite ignored="0" hostname="LAPTOP-GV9JO1GG" failures="1" tests="4" name="SauceDemo Tests" time="5.587" errors="0" timestamp="2026-04-01T15:54:08 IST">
  <testcase classname="com.atms.tests.SauceDemoTest" name="testScreenshotAlone" time="0.944"/>
  <testcase classname="com.atms.tests.SauceDemoTest" name="Login" time="1.486"/>
  <testcase classname="com.atms.tests.SauceDemoTest" name="Cartflow" time="1.942"/>
  <testcase classname="com.atms.tests.SauceDemoTest" name="verifyCheckoutFlow" time="1.567">
    <failure type="java.lang.AssertionError" message="Assertion Failed! Expected: 28.99 but found: 29.99">
      <![CDATA[java.lang.AssertionError: Assertion Failed! Expected: 28.99 but found: 29.99
at com.atms.utils.assertion.AssertEngine.assertDoubleEquals(AssertEngine.java:22)
at com.atms.tests.SauceDemoTest.verifyCheckoutFlow(SauceDemoTest.java:75)
at java.base/java.util.concurrent.Executors$RunnableAdapter.call(Executors.java:539)
at java.base/java.util.concurrent.FutureTask.run(FutureTask.java:264)
at java.base/java.util.concurrent.ThreadPoolExecutor.runWorker(ThreadPoolExecutor.java:1136)
at java.base/java.util.concurrent.ThreadPoolExecutor$Worker.run(ThreadPoolExecutor.java:635)
at java.base/java.lang.Thread.run(Thread.java:842)
... Removed 14 stack frames]]>
    </failure>
  </testcase> <!-- verifyCheckoutFlow -->
</testsuite> <!-- SauceDemo Tests -->
